<?xml version="1.0" encoding="UTF-8"?>
<!-- Generated by org.testng.reporters.JUnitXMLReporter -->
<testsuite ignored="0" hostname="DESKTOP-LS00S42" failures="0" tests="3" name="Default test" time="21.989" errors="0" timestamp="2024-06-10T18:10:43 IST">
  <testcase classname="com.tests.LoginPageTest" name="loginInvalidTest" time="7.865"/>
  <testcase classname="com.tests.LoginPageTest" name="loginTest" time="5.596"/>
  <testcase classname="com.tests.LoginPageTest" name="pageUrl" time="0.027"/>
</testsuite> <!-- Default test -->
