<?xml version="1.0" encoding="UTF-8"?>
<!-- Generated by org.testng.reporters.JUnitXMLReporter -->
<testsuite ignored="0" hostname="DESKTOP-LS00S42" failures="0" tests="6" name="Sanity Testing" time="0.036" errors="0" timestamp="2024-06-05T16:00:37 IST">
  <testcase classname="com.tests.LoginTest" name="verify_registration_Test" time="0.001"/>
  <testcase classname="com.tests.LoginTest" name="verify_registration_Test" time="0.001"/>
  <testcase classname="com.tests.LoginTest" name="verify_registration_Test" time="0.001"/>
  <testcase classname="com.tests.LoginTest" name="verify_registration_Test" time="0.002"/>
  <testcase classname="com.tests.LoginTest" name="verify_registration_Test" time="0.002"/>
  <testcase classname="com.tests.LoginTest" name="verify_login_Test" time="0.001"/>
</testsuite> <!-- Sanity Testing -->
