<?xml version="1.0" encoding="UTF-8"?>
<testng-results ignored="0" total="3" passed="3" failed="0" skipped="0">
  <reporter-output>
  </reporter-output>
  <suite started-at="2024-06-10T18:10:21 IST" name="Default suite" finished-at="2024-06-10T18:10:43 IST" duration-ms="21989">
    <groups>
    </groups>
    <test started-at="2024-06-10T18:10:21 IST" name="Default test" finished-at="2024-06-10T18:10:43 IST" duration-ms="21989">
      <class name="com.tests.LoginPageTest">
        <test-method is-config="true" signature="setup()[pri:0, instance:com.tests.LoginPageTest@33065d67]" started-at="2024-06-10T18:10:21 IST" name="setup" finished-at="2024-06-10T18:10:29 IST" duration-ms="8252" status="PASS">
          <reporter-output>
          </reporter-output>
        </test-method> <!-- setup -->
        <test-method signature="loginInvalidTest()[pri:0, instance:com.tests.LoginPageTest@33065d67]" started-at="2024-06-10T18:10:29 IST" name="loginInvalidTest" finished-at="2024-06-10T18:10:37 IST" duration-ms="7865" status="PASS">
          <reporter-output>
          </reporter-output>
        </test-method> <!-- loginInvalidTest -->
        <test-method signature="loginTest()[pri:0, instance:com.tests.LoginPageTest@33065d67]" started-at="2024-06-10T18:10:37 IST" name="loginTest" finished-at="2024-06-10T18:10:42 IST" duration-ms="5596" status="PASS">
          <reporter-output>
          </reporter-output>
        </test-method> <!-- loginTest -->
        <test-method signature="pageUrl()[pri:0, instance:com.tests.LoginPageTest@33065d67]" started-at="2024-06-10T18:10:42 IST" name="pageUrl" finished-at="2024-06-10T18:10:42 IST" duration-ms="27" status="PASS">
          <reporter-output>
          </reporter-output>
        </test-method> <!-- pageUrl -->
        <test-method is-config="true" signature="teardown()[pri:0, instance:com.tests.LoginPageTest@33065d67]" started-at="2024-06-10T18:10:42 IST" name="teardown" finished-at="2024-06-10T18:10:43 IST" duration-ms="143" status="PASS">
          <reporter-output>
          </reporter-output>
        </test-method> <!-- teardown -->
      </class> <!-- com.tests.LoginPageTest -->
    </test> <!-- Default test -->
  </suite> <!-- Default suite -->
</testng-results>
