<?xml version="1.0" encoding="UTF-8"?>
<testng-results ignored="0" total="8" passed="8" failed="0" skipped="0">
  <reporter-output>
  </reporter-output>
  <suite started-at="2024-06-05T16:00:37 IST" name="Suite" finished-at="2024-06-05T16:00:37 IST" duration-ms="232">
    <groups>
    </groups>
    <test started-at="2024-06-05T16:00:37 IST" name="Smokte Testing" finished-at="2024-06-05T16:00:37 IST" duration-ms="82">
      <class name="com.tests.MyCalclulator">
        <test-method is-config="true" signature="beforeTest()[pri:0, instance:com.tests.MyCalclulator@795509d9]" started-at="2024-06-05T16:00:37 IST" name="beforeTest" finished-at="2024-06-05T16:00:37 IST" duration-ms="1" status="PASS">
          <reporter-output>
          </reporter-output>
        </test-method> <!-- beforeTest -->
        <test-method is-config="true" signature="beforeClass()[pri:0, instance:com.tests.MyCalclulator@795509d9]" started-at="2024-06-05T16:00:37 IST" name="beforeClass" finished-at="2024-06-05T16:00:37 IST" duration-ms="1" status="PASS">
          <reporter-output>
          </reporter-output>
        </test-method> <!-- beforeClass -->
        <test-method is-config="true" signature="beforeMethod()[pri:0, instance:com.tests.MyCalclulator@795509d9]" started-at="2024-06-05T16:00:37 IST" name="beforeMethod" finished-at="2024-06-05T16:00:37 IST" duration-ms="1" status="PASS">
          <reporter-output>
          </reporter-output>
        </test-method> <!-- beforeMethod -->
        <test-method signature="addion()[pri:0, instance:com.tests.MyCalclulator@795509d9]" started-at="2024-06-05T16:00:37 IST" name="addion" finished-at="2024-06-05T16:00:37 IST" duration-ms="6" status="PASS">
          <reporter-output>
          </reporter-output>
        </test-method> <!-- addion -->
        <test-method is-config="true" signature="afterMethod()[pri:0, instance:com.tests.MyCalclulator@795509d9]" started-at="2024-06-05T16:00:37 IST" name="afterMethod" finished-at="2024-06-05T16:00:37 IST" duration-ms="0" status="PASS">
          <reporter-output>
          </reporter-output>
        </test-method> <!-- afterMethod -->
        <test-method is-config="true" signature="beforeMethod()[pri:0, instance:com.tests.MyCalclulator@795509d9]" started-at="2024-06-05T16:00:37 IST" name="beforeMethod" finished-at="2024-06-05T16:00:37 IST" duration-ms="1" status="PASS">
          <reporter-output>
          </reporter-output>
        </test-method> <!-- beforeMethod -->
        <test-method signature="substraction()[pri:0, instance:com.tests.MyCalclulator@795509d9]" started-at="2024-06-05T16:00:37 IST" name="substraction" finished-at="2024-06-05T16:00:37 IST" duration-ms="1" status="PASS">
          <reporter-output>
          </reporter-output>
        </test-method> <!-- substraction -->
        <test-method is-config="true" signature="afterMethod()[pri:0, instance:com.tests.MyCalclulator@795509d9]" started-at="2024-06-05T16:00:37 IST" name="afterMethod" finished-at="2024-06-05T16:00:37 IST" duration-ms="0" status="PASS">
          <reporter-output>
          </reporter-output>
        </test-method> <!-- afterMethod -->
        <test-method is-config="true" signature="afterClass()[pri:0, instance:com.tests.MyCalclulator@795509d9]" started-at="2024-06-05T16:00:37 IST" name="afterClass" finished-at="2024-06-05T16:00:37 IST" duration-ms="0" status="PASS">
          <reporter-output>
          </reporter-output>
        </test-method> <!-- afterClass -->
        <test-method is-config="true" signature="afterTest()[pri:0, instance:com.tests.MyCalclulator@795509d9]" started-at="2024-06-05T16:00:37 IST" name="afterTest" finished-at="2024-06-05T16:00:37 IST" duration-ms="1" status="PASS">
          <reporter-output>
          </reporter-output>
        </test-method> <!-- afterTest -->
      </class> <!-- com.tests.MyCalclulator -->
    </test> <!-- Smokte Testing -->
    <test started-at="2024-06-05T16:00:37 IST" name="Sanity Testing" finished-at="2024-06-05T16:00:37 IST" duration-ms="36">
      <class name="com.tests.LoginTest">
        <test-method is-config="true" signature="beforeSuite()[pri:0, instance:com.tests.LoginTest@1033576a]" started-at="2024-06-05T16:00:37 IST" name="beforeSuite" finished-at="2024-06-05T16:00:37 IST" duration-ms="19" status="PASS">
          <reporter-output>
          </reporter-output>
        </test-method> <!-- beforeSuite -->
        <test-method is-config="true" signature="beforeTest()[pri:0, instance:com.tests.LoginTest@1033576a]" started-at="2024-06-05T16:00:37 IST" name="beforeTest" finished-at="2024-06-05T16:00:37 IST" duration-ms="0" status="PASS">
          <reporter-output>
          </reporter-output>
        </test-method> <!-- beforeTest -->
        <test-method is-config="true" signature="beforeClass()[pri:0, instance:com.tests.LoginTest@1033576a]" started-at="2024-06-05T16:00:37 IST" name="beforeClass" finished-at="2024-06-05T16:00:37 IST" duration-ms="1" status="PASS">
          <reporter-output>
          </reporter-output>
        </test-method> <!-- beforeClass -->
        <test-method is-config="true" signature="beforeMethod()[pri:0, instance:com.tests.LoginTest@1033576a]" started-at="2024-06-05T16:00:37 IST" name="beforeMethod" finished-at="2024-06-05T16:00:37 IST" duration-ms="0" status="PASS">
          <reporter-output>
          </reporter-output>
        </test-method> <!-- beforeMethod -->
        <test-method signature="verify_registration_Test()[pri:1, instance:com.tests.LoginTest@1033576a]" started-at="2024-06-05T16:00:37 IST" name="verify_registration_Test" finished-at="2024-06-05T16:00:37 IST" duration-ms="1" status="PASS">
          <reporter-output>
          </reporter-output>
        </test-method> <!-- verify_registration_Test -->
        <test-method is-config="true" signature="afterMethod()[pri:0, instance:com.tests.LoginTest@1033576a]" started-at="2024-06-05T16:00:37 IST" name="afterMethod" finished-at="2024-06-05T16:00:37 IST" duration-ms="0" status="PASS">
          <reporter-output>
          </reporter-output>
        </test-method> <!-- afterMethod -->
        <test-method is-config="true" signature="beforeMethod()[pri:0, instance:com.tests.LoginTest@1033576a]" started-at="2024-06-05T16:00:37 IST" name="beforeMethod" finished-at="2024-06-05T16:00:37 IST" duration-ms="1" status="PASS">
          <reporter-output>
          </reporter-output>
        </test-method> <!-- beforeMethod -->
        <test-method signature="verify_registration_Test()[pri:1, instance:com.tests.LoginTest@1033576a]" started-at="2024-06-05T16:00:37 IST" name="verify_registration_Test" finished-at="2024-06-05T16:00:37 IST" duration-ms="1" status="PASS">
          <reporter-output>
          </reporter-output>
        </test-method> <!-- verify_registration_Test -->
        <test-method is-config="true" signature="afterMethod()[pri:0, instance:com.tests.LoginTest@1033576a]" started-at="2024-06-05T16:00:37 IST" name="afterMethod" finished-at="2024-06-05T16:00:37 IST" duration-ms="0" status="PASS">
          <reporter-output>
          </reporter-output>
        </test-method> <!-- afterMethod -->
        <test-method signature="verify_registration_Test()[pri:1, instance:com.tests.LoginTest@1033576a]" started-at="2024-06-05T16:00:37 IST" name="verify_registration_Test" finished-at="2024-06-05T16:00:37 IST" duration-ms="1" status="PASS">
          <reporter-output>
          </reporter-output>
        </test-method> <!-- verify_registration_Test -->
        <test-method is-config="true" signature="beforeMethod()[pri:0, instance:com.tests.LoginTest@1033576a]" started-at="2024-06-05T16:00:37 IST" name="beforeMethod" finished-at="2024-06-05T16:00:37 IST" duration-ms="0" status="PASS">
          <reporter-output>
          </reporter-output>
        </test-method> <!-- beforeMethod -->
        <test-method is-config="true" signature="afterMethod()[pri:0, instance:com.tests.LoginTest@1033576a]" started-at="2024-06-05T16:00:37 IST" name="afterMethod" finished-at="2024-06-05T16:00:37 IST" duration-ms="0" status="PASS">
          <reporter-output>
          </reporter-output>
        </test-method> <!-- afterMethod -->
        <test-method is-config="true" signature="beforeMethod()[pri:0, instance:com.tests.LoginTest@1033576a]" started-at="2024-06-05T16:00:37 IST" name="beforeMethod" finished-at="2024-06-05T16:00:37 IST" duration-ms="1" status="PASS">
          <reporter-output>
          </reporter-output>
        </test-method> <!-- beforeMethod -->
        <test-method signature="verify_registration_Test()[pri:1, instance:com.tests.LoginTest@1033576a]" started-at="2024-06-05T16:00:37 IST" name="verify_registration_Test" finished-at="2024-06-05T16:00:37 IST" duration-ms="2" status="PASS">
          <reporter-output>
          </reporter-output>
        </test-method> <!-- verify_registration_Test -->
        <test-method is-config="true" signature="afterMethod()[pri:0, instance:com.tests.LoginTest@1033576a]" started-at="2024-06-05T16:00:37 IST" name="afterMethod" finished-at="2024-06-05T16:00:37 IST" duration-ms="1" status="PASS">
          <reporter-output>
          </reporter-output>
        </test-method> <!-- afterMethod -->
        <test-method is-config="true" signature="beforeMethod()[pri:0, instance:com.tests.LoginTest@1033576a]" started-at="2024-06-05T16:00:37 IST" name="beforeMethod" finished-at="2024-06-05T16:00:37 IST" duration-ms="1" status="PASS">
          <reporter-output>
          </reporter-output>
        </test-method> <!-- beforeMethod -->
        <test-method signature="verify_registration_Test()[pri:1, instance:com.tests.LoginTest@1033576a]" started-at="2024-06-05T16:00:37 IST" name="verify_registration_Test" finished-at="2024-06-05T16:00:37 IST" duration-ms="2" status="PASS">
          <reporter-output>
          </reporter-output>
        </test-method> <!-- verify_registration_Test -->
        <test-method is-config="true" signature="afterMethod()[pri:0, instance:com.tests.LoginTest@1033576a]" started-at="2024-06-05T16:00:37 IST" name="afterMethod" finished-at="2024-06-05T16:00:37 IST" duration-ms="0" status="PASS">
          <reporter-output>
          </reporter-output>
        </test-method> <!-- afterMethod -->
        <test-method is-config="true" signature="beforeMethod()[pri:0, instance:com.tests.LoginTest@1033576a]" started-at="2024-06-05T16:00:37 IST" name="beforeMethod" finished-at="2024-06-05T16:00:37 IST" duration-ms="1" status="PASS">
          <reporter-output>
          </reporter-output>
        </test-method> <!-- beforeMethod -->
        <test-method signature="verify_login_Test()[pri:2, instance:com.tests.LoginTest@1033576a]" started-at="2024-06-05T16:00:37 IST" name="verify_login_Test" finished-at="2024-06-05T16:00:37 IST" duration-ms="1" status="PASS">
          <reporter-output>
          </reporter-output>
        </test-method> <!-- verify_login_Test -->
        <test-method is-config="true" signature="afterMethod()[pri:0, instance:com.tests.LoginTest@1033576a]" started-at="2024-06-05T16:00:37 IST" name="afterMethod" finished-at="2024-06-05T16:00:37 IST" duration-ms="1" status="PASS">
          <reporter-output>
          </reporter-output>
        </test-method> <!-- afterMethod -->
        <test-method is-config="true" signature="afterTest()[pri:0, instance:com.tests.LoginTest@1033576a]" started-at="2024-06-05T16:00:37 IST" name="afterTest" finished-at="2024-06-05T16:00:37 IST" duration-ms="1" status="PASS">
          <reporter-output>
          </reporter-output>
        </test-method> <!-- afterTest -->
        <test-method is-config="true" signature="afterClass()[pri:0, instance:com.tests.LoginTest@1033576a]" started-at="2024-06-05T16:00:37 IST" name="afterClass" finished-at="2024-06-05T16:00:37 IST" duration-ms="0" status="PASS">
          <reporter-output>
          </reporter-output>
        </test-method> <!-- afterClass -->
        <test-method is-config="true" signature="afterSuite()[pri:0, instance:com.tests.LoginTest@1033576a]" started-at="2024-06-05T16:00:37 IST" name="afterSuite" finished-at="2024-06-05T16:00:37 IST" duration-ms="1" status="PASS">
          <reporter-output>
          </reporter-output>
        </test-method> <!-- afterSuite -->
      </class> <!-- com.tests.LoginTest -->
    </test> <!-- Sanity Testing -->
  </suite> <!-- Suite -->
</testng-results>
